<?xml version="1.0" encoding="UTF-8"?>
<!-- Generated by org.testng.reporters.JUnitXMLReporter -->
<testsuite ignored="0" hostname="DESKTOP-5N1P76C" failures="0" tests="5" name="Surefire test" time="0.04" errors="0" timestamp="2023-10-27T11:34:44 IST">
  <testcase classname="com.lbrce.sample.UserValidationTest" name="testCase1" time="0.01"/>
  <testcase classname="com.lbrce.sample.UserValidationTest" name="testCase2" time="0.0"/>
  <testcase classname="com.lbrce.sample.UserValidationTest" name="testCase3" time="0.0"/>
  <testcase classname="com.lbrce.sample.UserValidationTest" name="testCase4" time="0.0"/>
  <testcase classname="com.lbrce.sample.UserValidationTest" name="testCase5" time="0.0"/>
</testsuite> <!-- Surefire test -->
